<?xml version="1.0" encoding="UTF-8"?>
<!-- Generated by org.testng.reporters.JUnitReportReporter -->
<testsuite hostname="Geetesh-PC" name="RequestResponseTest.CreateProject" tests="1" failures="0" timestamp="31 Dec 2020 08:55:41 GMT" time="1.542" errors="0">
  <testcase name="createNewProject" time="1.542" classname="RequestResponseTest.CreateProject"/>
</testsuite> <!-- RequestResponseTest.CreateProject -->
