<?xml version="1.0" encoding="UTF-8"?>
<!-- Generated by org.testng.reporters.JUnitReportReporter -->
<testsuite hostname="Geetesh-PC" name="RequestResponseTest.GetProject" tests="1" failures="0" timestamp="31 Dec 2020 14:54:25 GMT" time="1.222" errors="0">
  <testcase name="getProjectList" time="1.222" classname="RequestResponseTest.GetProject"/>
</testsuite> <!-- RequestResponseTest.GetProject -->
