<?xml version="1.0" encoding="UTF-8"?>
<!-- Generated by org.testng.reporters.JUnitReportReporter -->
<testsuite hostname="Geetesh-PC" name="BDDRequestResponse.Pojo_Class_BDD" tests="1" failures="0" timestamp="31 Dec 2020 14:53:04 GMT" time="1.982" errors="0">
  <testcase name="createProject" time="1.982" classname="BDDRequestResponse.Pojo_Class_BDD"/>
</testsuite> <!-- BDDRequestResponse.Pojo_Class_BDD -->
