<?xml version="1.0" encoding="UTF-8"?>
<!-- Generated by org.testng.reporters.JUnitReportReporter -->
<testsuite hostname="Geetesh-PC" name="BDDRequestResponse.complexPostRequest" tests="1" failures="0" timestamp="31 Dec 2020 11:45:59 GMT" time="1.495" errors="0">
  <testcase name="createRequest" time="1.495" classname="BDDRequestResponse.complexPostRequest"/>
</testsuite> <!-- BDDRequestResponse.complexPostRequest -->
